0 657
1 57
2 58
3 18
4 59
5 26
6 22
7 15
8 57
9 14
10 2
11 10
12 5
13 8
14 0
15 8
16 57
17 6
18 14
19 7
20 8
21 0
22 3
23 2
24 21
25 3
26 10
27 4
28 4
29 1
30 2
31 7
32 53
33 5
34 6
35 2
36 21
37 6
38 9
39 7
40 20
41 8
42 3
43 3
44 7
45 5
46 2
47 9
48 20
49 1
50 7
51 3
52 3
53 0
54 10
55 6
56 18
57 6
58 5
59 4
60 4
61 4
62 10
63 11
64 55
65 22
66 12
67 5
68 5
69 2
70 0
71 6
72 24
73 19
74 3
75 5
76 4
77 5
78 0
79 2
80 5
81 1
82 2
83 2
84 1
85 0
86 0
87 0
88 2
89 5
90 0
91 5
92 0
93 2
94 0
95 8
96 6
97 0
98 1
99 1
100 1
101 1
102 1
103 3
104 5
105 5
106 0
107 5
108 2
109 9
110 0
111 5
112 4
113 0
114 0
115 0
116 0
117 0
118 1
119 2
120 5
121 7
122 4
123 6
124 2
125 8
126 0
127 15
128 51
129 2
130 11
131 4
132 3
133 0
134 2
135 2
136 9
137 2
138 1
139 1
140 0
141 0
142 1
143 1
144 17
145 1
146 21
147 4
148 2
149 0
150 9
151 7
152 4
153 2
154 6
155 11
156 0
157 0
158 2
159 2
160 5
161 0
162 1
163 2
164 1
165 1
166 2
167 1
168 2
169 1
170 0
171 1
172 0
173 0
174 0
175 2
176 3
177 0
178 5
179 2
180 3
181 0
182 7
183 7
184 9
185 4
186 7
187 8
188 2
189 3
190 7
191 23
192 17
193 4
194 2
195 9
196 1
197 3
198 0
199 9
200 4
201 8
202 2
203 5
204 0
205 0
206 0
207 3
208 7
209 2
210 5
211 9
212 0
213 2
214 0
215 8
216 4
217 7
218 4
219 18
220 0
221 0
222 1
223 21
224 2
225 1
226 0
227 2
228 0
229 2
230 1
231 3
232 3
233 1
234 0
235 3
236 1
237 2
238 2
239 11
240 1
241 1
242 4
243 1
244 0
245 0
246 0
247 5
248 7
249 4
250 4
251 20
252 2
253 5
254 6
255 63
256 61
257 10
258 7
259 0
260 22
261 6
262 6
263 6
264 7
265 1
266 0
267 2
268 1
269 0
270 1
271 1
272 2
273 0
274 2
275 2
276 0
277 1
278 3
279 3
280 1
281 0
282 1
283 1
284 0
285 0
286 0
287 1
288 18
289 5
290 3
291 0
292 22
293 5
294 6
295 4
296 2
297 7
298 0
299 1
300 3
301 12
302 3
303 5
304 6
305 2
306 2
307 1
308 7
309 1
310 7
311 8
312 5
313 3
314 1
315 2
316 3
317 11
318 5
319 20
320 18
321 8
322 1
323 1
324 1
325 3
326 3
327 5
328 10
329 6
330 0
331 1
332 0
333 7
334 0
335 11
336 4
337 0
338 0
339 0
340 0
341 0
342 1
343 5
344 1
345 0
346 0
347 1
348 0
349 1
350 0
351 4
352 3
353 3
354 1
355 1
356 6
357 5
358 1
359 3
360 12
361 9
362 2
363 1
364 2
365 27
366 1
367 13
368 1
369 0
370 2
371 1
372 1
373 4
374 5
375 5
376 5
377 6
378 1
379 11
380 4
381 11
382 7
383 63
384 20
385 5
386 7
387 3
388 5
389 1
390 4
391 6
392 4
393 0
394 0
395 0
396 1
397 0
398 0
399 3
400 7
401 0
402 10
403 1
404 0
405 2
406 4
407 11
408 2
409 1
410 4
411 3
412 1
413 1
414 1
415 3
416 2
417 0
418 6
419 0
420 7
421 1
422 10
423 5
424 3
425 2
426 0
427 0
428 0
429 2
430 1
431 9
432 8
433 1
434 5
435 1
436 5
437 4
438 20
439 27
440 7
441 0
442 6
443 12
444 5
445 5
446 19
447 82
448 26
449 3
450 12
451 2
452 8
453 2
454 11
455 26
456 5
457 4
458 1
459 7
460 1
461 6
462 4
463 19
464 11
465 3
466 10
467 7
468 3
469 0
470 3
471 18
472 10
473 3
474 13
475 23
476 2
477 9
478 7
479 79
480 8
481 0
482 1
483 2
484 7
485 6
486 3
487 19
488 3
489 4
490 1
491 4
492 8
493 17
494 4
495 74
496 4
497 1
498 7
499 3
500 5
501 5
502 18
503 78
504 17
505 20
506 12
507 58
508 15
509 63
510 69
511 771
