0 685
1 50
2 57
3 18
4 48
5 19
6 19
7 17
8 56
9 27
10 5
11 5
12 3
13 4
14 4
15 4
16 52
17 3
18 13
19 7
20 5
21 1
22 6
23 6
24 19
25 10
26 9
27 13
28 2
29 1
30 4
31 8
32 66
33 5
34 8
35 3
36 15
37 8
38 6
39 10
40 21
41 7
42 1
43 2
44 4
45 2
46 0
47 8
48 17
49 2
50 9
51 3
52 4
53 3
54 5
55 9
56 23
57 5
58 7
59 5
60 3
61 7
62 10
63 27
64 62
65 10
66 2
67 9
68 7
69 7
70 3
71 4
72 24
73 16
74 2
75 8
76 3
77 5
78 0
79 5
80 10
81 1
82 0
83 4
84 1
85 1
86 0
87 1
88 3
89 5
90 0
91 7
92 1
93 0
94 0
95 7
96 2
97 3
98 1
99 0
100 1
101 1
102 0
103 3
104 6
105 5
106 0
107 3
108 2
109 7
110 0
111 8
112 2
113 2
114 0
115 0
116 0
117 0
118 1
119 1
120 6
121 8
122 0
123 11
124 2
125 9
126 0
127 12
128 60
129 5
130 21
131 5
132 9
133 1
134 4
135 8
136 4
137 2
138 3
139 2
140 0
141 1
142 0
143 2
144 16
145 2
146 21
147 6
148 1
149 1
150 9
151 7
152 4
153 3
154 15
155 7
156 2
157 1
158 2
159 10
160 5
161 0
162 2
163 0
164 3
165 2
166 1
167 2
168 2
169 0
170 0
171 0
172 0
173 1
174 0
175 2
176 6
177 1
178 4
179 1
180 1
181 0
182 6
183 8
184 3
185 0
186 7
187 2
188 5
189 0
190 8
191 21
192 14
193 3
194 4
195 7
196 3
197 5
198 2
199 4
200 4
201 8
202 1
203 9
204 0
205 1
206 0
207 12
208 6
209 2
210 6
211 6
212 1
213 1
214 1
215 6
216 6
217 5
218 11
219 22
220 0
221 4
222 5
223 24
224 2
225 1
226 0
227 0
228 0
229 1
230 0
231 1
232 2
233 2
234 4
235 1
236 1
237 4
238 2
239 6
240 0
241 0
242 3
243 0
244 1
245 0
246 2
247 11
248 2
249 10
250 10
251 16
252 3
253 5
254 2
255 56
256 53
257 4
258 5
259 4
260 25
261 3
262 9
263 3
264 8
265 0
266 0
267 0
268 1
269 1
270 1
271 1
272 6
273 0
274 2
275 2
276 0
277 0
278 3
279 0
280 3
281 2
282 1
283 0
284 0
285 0
286 3
287 1
288 23
289 1
290 3
291 0
292 8
293 4
294 6
295 5
296 6
297 4
298 0
299 0
300 1
301 4
302 3
303 9
304 8
305 1
306 1
307 1
308 3
309 3
310 7
311 11
312 7
313 0
314 2
315 1
316 6
317 5
318 3
319 13
320 19
321 5
322 2
323 1
324 5
325 4
326 1
327 4
328 5
329 3
330 1
331 1
332 0
333 5
334 0
335 3
336 1
337 0
338 0
339 0
340 0
341 0
342 0
343 4
344 2
345 2
346 0
347 4
348 1
349 1
350 0
351 12
352 10
353 1
354 0
355 0
356 4
357 10
358 3
359 1
360 3
361 7
362 0
363 1
364 7
365 21
366 4
367 27
368 1
369 1
370 1
371 1
372 2
373 2
374 3
375 3
376 5
377 9
378 4
379 2
380 6
381 17
382 3
383 58
384 20
385 0
386 4
387 3
388 13
389 0
390 3
391 7
392 2
393 0
394 0
395 0
396 0
397 0
398 0
399 2
400 0
401 1
402 11
403 1
404 4
405 0
406 6
407 5
408 1
409 1
410 1
411 0
412 0
413 0
414 0
415 9
416 9
417 1
418 1
419 0
420 9
421 0
422 4
423 3
424 3
425 4
426 0
427 0
428 0
429 1
430 2
431 4
432 12
433 0
434 9
435 1
436 4
437 2
438 29
439 26
440 4
441 1
442 9
443 9
444 9
445 1
446 19
447 47
448 24
449 7
450 10
451 6
452 4
453 4
454 9
455 19
456 6
457 5
458 1
459 4
460 1
461 7
462 1
463 17
464 3
465 3
466 5
467 7
468 2
469 1
470 6
471 24
472 4
473 12
474 14
475 26
476 2
477 11
478 3
479 92
480 5
481 1
482 1
483 1
484 5
485 9
486 7
487 20
488 5
489 3
490 1
491 11
492 6
493 19
494 6
495 72
496 7
497 0
498 4
499 3
500 7
501 1
502 19
503 62
504 15
505 27
506 27
507 58
508 13
509 69
510 69
511 740
